This is pdfTeX, Version 3.14159265-2.6-1.40.19 (TeX Live 2018) (preloaded format=pdflatex 2018.6.6)  4 FEB 2019 11:54
entering extended mode
 restricted \write18 enabled.
 %&-line parsing enabled.
**VIV_Wu.tex
(./VIV_Wu.tex
LaTeX2e <2018-04-01> patch level 5
(/Users/sharma/texmf/tex/latex/elsarticle/elsarticle.cls
Document Class: elsarticle 2009/09/17, 1.20b: Elsevier Ltd
\@bls=\dimen102
(/usr/local/texlive/2018/texmf-dist/tex/latex/base/article.cls
Document Class: article 2014/09/29 v1.4h Standard LaTeX document class
(/usr/local/texlive/2018/texmf-dist/tex/latex/base/size12.clo
File: size12.clo 2014/09/29 v1.4h Standard LaTeX file (size option)
)
\c@part=\count80
\c@section=\count81
\c@subsection=\count82
\c@subsubsection=\count83
\c@paragraph=\count84
\c@subparagraph=\count85
\c@figure=\count86
\c@table=\count87
\abovecaptionskip=\skip41
\belowcaptionskip=\skip42
\bibindent=\dimen103
)
(/usr/local/texlive/2018/texmf-dist/tex/latex/graphics/graphicx.sty
Package: graphicx 2017/06/01 v1.1a Enhanced LaTeX Graphics (DPC,SPQR)

(/usr/local/texlive/2018/texmf-dist/tex/latex/graphics/keyval.sty
Package: keyval 2014/10/28 v1.15 key=value parser (DPC)
\KV@toks@=\toks14
)
(/usr/local/texlive/2018/texmf-dist/tex/latex/graphics/graphics.sty
Package: graphics 2017/06/25 v1.2c Standard LaTeX Graphics (DPC,SPQR)

(/usr/local/texlive/2018/texmf-dist/tex/latex/graphics/trig.sty
Package: trig 2016/01/03 v1.10 sin cos tan (DPC)
)
(/usr/local/texlive/2018/texmf-dist/tex/latex/graphics-cfg/graphics.cfg
File: graphics.cfg 2016/06/04 v1.11 sample graphics configuration
)
Package graphics Info: Driver file: pdftex.def on input line 99.

(/usr/local/texlive/2018/texmf-dist/tex/latex/graphics-def/pdftex.def
File: pdftex.def 2018/01/08 v1.0l Graphics/color driver for pdftex
))
\Gin@req@height=\dimen104
\Gin@req@width=\dimen105
)
(/usr/local/texlive/2018/texmf-dist/tex/latex/psnfss/pifont.sty
Package: pifont 2005/04/12 PSNFSS-v9.2a Pi font support (SPQR) 
LaTeX Font Info:    Try loading font information for U+pzd on input line 63.

(/usr/local/texlive/2018/texmf-dist/tex/latex/psnfss/upzd.fd
File: upzd.fd 2001/06/04 font definitions for U/pzd.
)
LaTeX Font Info:    Try loading font information for U+psy on input line 64.

(/usr/local/texlive/2018/texmf-dist/tex/latex/psnfss/upsy.fd
File: upsy.fd 2001/06/04 font definitions for U/psy.
))
\c@tnote=\count88
\c@fnote=\count89
\c@cnote=\count90
\c@ead=\count91
\c@author=\count92
\@eadauthor=\toks15
\c@affn=\count93
\absbox=\box26
\keybox=\box27
\Columnwidth=\dimen106
\space@left=\dimen107
\els@boxa=\box28
\els@boxb=\box29
\leftMargin=\dimen108
\@enLab=\toks16
\@sep=\skip43
\@@sep=\skip44
 (./VIV_Wu.spl)
(/Users/sharma/texmf/tex/latex/isuthesisupdated-Aug17/natbib.sty
Package: natbib 1996/06/17 6.3 (PWD)
\bibhang=\skip45
\bibsep=\skip46
LaTeX Info: Redefining \cite on input line 314.
\c@NAT@ctr=\count94
)
\splwrite=\write3
\openout3 = `VIV_Wu.spl'.

\appnamewidth=\dimen109
)
(/usr/local/texlive/2018/texmf-dist/tex/latex/caption/subcaption.sty
Package: subcaption 2018/05/01 v1.1-162 Sub-captions (AR)

(/usr/local/texlive/2018/texmf-dist/tex/latex/caption/caption.sty
Package: caption 2018/05/01 v3.3-147 Customizing captions (AR)

(/usr/local/texlive/2018/texmf-dist/tex/latex/caption/caption3.sty
Package: caption3 2018/05/27 v1.8a caption3 kernel (AR)
Package caption3 Info: TeX engine: e-TeX on input line 64.
\captionmargin=\dimen110
\captionmargin@=\dimen111
\captionwidth=\dimen112
\caption@tempdima=\dimen113
\caption@indent=\dimen114
\caption@parindent=\dimen115
\caption@hangindent=\dimen116
)
\c@ContinuedFloat=\count95
)
\c@subfigure=\count96
\c@subtable=\count97
)
(/usr/local/texlive/2018/texmf-dist/tex/latex/makecell/makecell.sty
Package: makecell 2009/08/03 V0.1e Managing of Tab Column Heads and Cells

(/usr/local/texlive/2018/texmf-dist/tex/latex/tools/array.sty
Package: array 2018/04/30 v2.4h Tabular extension package (FMi)
\col@sep=\dimen117
\ar@mcellbox=\box30
\extrarowheight=\dimen118
\NC@list=\toks17
\extratabsurround=\skip47
\backup@length=\skip48
\ar@cellbox=\box31
)
\rotheadsize=\dimen119
\c@nlinenum=\count98
\TeXr@lab=\toks18
)
(/usr/local/texlive/2018/texmf-dist/tex/latex/xcolor/xcolor.sty
Package: xcolor 2016/05/11 v2.12 LaTeX color extensions (UK)

(/usr/local/texlive/2018/texmf-dist/tex/latex/graphics-cfg/color.cfg
File: color.cfg 2016/01/02 v1.6 sample color configuration
)
Package xcolor Info: Driver file: pdftex.def on input line 225.

(/usr/local/texlive/2018/texmf-dist/tex/latex/colortbl/colortbl.sty
Package: colortbl 2018/05/02 v1.0c Color table columns (DPC)
\everycr=\toks19
\minrowclearance=\skip49
)
\rownum=\count99
Package xcolor Info: Model `cmy' substituted by `cmy0' on input line 1348.
Package xcolor Info: Model `hsb' substituted by `rgb' on input line 1352.
Package xcolor Info: Model `RGB' extended on input line 1364.
Package xcolor Info: Model `HTML' substituted by `rgb' on input line 1366.
Package xcolor Info: Model `Hsb' substituted by `hsb' on input line 1367.
Package xcolor Info: Model `tHsb' substituted by `hsb' on input line 1368.
Package xcolor Info: Model `HSB' substituted by `hsb' on input line 1369.
Package xcolor Info: Model `Gray' substituted by `gray' on input line 1370.
Package xcolor Info: Model `wave' substituted by `hsb' on input line 1371.
)
(/usr/local/texlive/2018/texmf-dist/tex/latex/geometry/geometry.sty
Package: geometry 2018/04/16 v5.8 Page Geometry

(/usr/local/texlive/2018/texmf-dist/tex/generic/oberdiek/ifpdf.sty
Package: ifpdf 2017/03/15 v3.2 Provides the ifpdf switch
)
(/usr/local/texlive/2018/texmf-dist/tex/generic/oberdiek/ifvtex.sty
Package: ifvtex 2016/05/16 v1.6 Detect VTeX and its facilities (HO)
Package ifvtex Info: VTeX not detected.
)
(/usr/local/texlive/2018/texmf-dist/tex/generic/ifxetex/ifxetex.sty
Package: ifxetex 2010/09/12 v0.6 Provides ifxetex conditional
)
\Gm@cnth=\count100
\Gm@cntv=\count101
\c@Gm@tempcnt=\count102
\Gm@bindingoffset=\dimen120
\Gm@wd@mp=\dimen121
\Gm@odd@mp=\dimen122
\Gm@even@mp=\dimen123
\Gm@layoutwidth=\dimen124
\Gm@layoutheight=\dimen125
\Gm@layouthoffset=\dimen126
\Gm@layoutvoffset=\dimen127
\Gm@dimlist=\toks20
)
(/usr/local/texlive/2018/texmf-dist/tex/latex/amsmath/amsmath.sty
Package: amsmath 2017/09/02 v2.17a AMS math features
\@mathmargin=\skip50

For additional information on amsmath, use the `?' option.
(/usr/local/texlive/2018/texmf-dist/tex/latex/amsmath/amstext.sty
Package: amstext 2000/06/29 v2.01 AMS text

(/Users/sharma/texmf/tex/latex/jfm/amsgen.sty
File: amsgen.sty 1995/02/01 v1.2a
\@emptytoks=\toks21
\ex@=\dimen128
))
(/Users/sharma/texmf/tex/latex/jfm/amsbsy.sty
Package: amsbsy 1995/01/20 v1.2
\pmbraise@=\dimen129
)
(/usr/local/texlive/2018/texmf-dist/tex/latex/amsmath/amsopn.sty
Package: amsopn 2016/03/08 v2.02 operator names
)
\inf@bad=\count103
LaTeX Info: Redefining \frac on input line 213.
\uproot@=\count104
\leftroot@=\count105
LaTeX Info: Redefining \overline on input line 375.
\classnum@=\count106
\DOTSCASE@=\count107
LaTeX Info: Redefining \ldots on input line 472.
LaTeX Info: Redefining \dots on input line 475.
LaTeX Info: Redefining \cdots on input line 596.
\Mathstrutbox@=\box32
\strutbox@=\box33
\big@size=\dimen130
LaTeX Font Info:    Redeclaring font encoding OML on input line 712.
LaTeX Font Info:    Redeclaring font encoding OMS on input line 713.
\macc@depth=\count108
\c@MaxMatrixCols=\count109
\dotsspace@=\muskip10
\c@parentequation=\count110
\dspbrk@lvl=\count111
\tag@help=\toks22
\row@=\count112
\column@=\count113
\maxfields@=\count114
\andhelp@=\toks23
\eqnshift@=\dimen131
\alignsep@=\dimen132
\tagshift@=\dimen133
\tagwidth@=\dimen134
\totwidth@=\dimen135
\lineht@=\dimen136
\@envbody=\toks24
\multlinegap=\skip51
\multlinetaggap=\skip52
\mathdisplay@stack=\toks25
LaTeX Info: Redefining \[ on input line 2817.
LaTeX Info: Redefining \] on input line 2818.
)
(/Users/sharma/texmf/tex/latex/jfm/amssymb.sty
Package: amssymb 1995/02/01 v2.2a

(/Users/sharma/texmf/tex/latex/jfm/amsfonts.sty
Package: amsfonts 1995/02/01 v2.2b
\symAMSa=\mathgroup4
\symAMSb=\mathgroup5
LaTeX Font Info:    Overwriting math alphabet `\mathfrak' in version `bold'
(Font)                  U/euf/m/n --> U/euf/b/n on input line 128.
))
(/usr/local/texlive/2018/texmf-dist/tex/latex/tools/bm.sty
Package: bm 2017/01/16 v1.2c Bold Symbol Support (DPC/FMi)
\symboldoperators=\mathgroup6
\symboldletters=\mathgroup7
\symboldsymbols=\mathgroup8
LaTeX Font Info:    Redeclaring math alphabet \mathbf on input line 141.
LaTeX Info: Redefining \bm on input line 207.
) (./VIV_Wu.aux)
\openout1 = `VIV_Wu.aux'.

LaTeX Font Info:    Checking defaults for OML/cmm/m/it on input line 25.
LaTeX Font Info:    ... okay on input line 25.
LaTeX Font Info:    Checking defaults for T1/cmr/m/n on input line 25.
LaTeX Font Info:    ... okay on input line 25.
LaTeX Font Info:    Checking defaults for OT1/cmr/m/n on input line 25.
LaTeX Font Info:    ... okay on input line 25.
LaTeX Font Info:    Checking defaults for OMS/cmsy/m/n on input line 25.
LaTeX Font Info:    ... okay on input line 25.
LaTeX Font Info:    Checking defaults for OMX/cmex/m/n on input line 25.
LaTeX Font Info:    ... okay on input line 25.
LaTeX Font Info:    Checking defaults for U/cmr/m/n on input line 25.
LaTeX Font Info:    ... okay on input line 25.

(/usr/local/texlive/2018/texmf-dist/tex/context/base/mkii/supp-pdf.mkii
[Loading MPS to PDF converter (version 2006.09.02).]
\scratchcounter=\count115
\scratchdimen=\dimen137
\scratchbox=\box34
\nofMPsegments=\count116
\nofMParguments=\count117
\everyMPshowfont=\toks26
\MPscratchCnt=\count118
\MPscratchDim=\dimen138
\MPnumerator=\count119
\makeMPintoPDFobject=\count120
\everyMPtoPDFconversion=\toks27
) (/usr/local/texlive/2018/texmf-dist/tex/latex/oberdiek/epstopdf-base.sty
Package: epstopdf-base 2016/05/15 v2.6 Base part for package epstopdf

(/usr/local/texlive/2018/texmf-dist/tex/generic/oberdiek/infwarerr.sty
Package: infwarerr 2016/05/16 v1.4 Providing info/warning/error messages (HO)
)
(/usr/local/texlive/2018/texmf-dist/tex/latex/oberdiek/grfext.sty
Package: grfext 2016/05/16 v1.2 Manage graphics extensions (HO)

(/usr/local/texlive/2018/texmf-dist/tex/generic/oberdiek/kvdefinekeys.sty
Package: kvdefinekeys 2016/05/16 v1.4 Define keys (HO)

(/usr/local/texlive/2018/texmf-dist/tex/generic/oberdiek/ltxcmds.sty
Package: ltxcmds 2016/05/16 v1.23 LaTeX kernel commands for general use (HO)
)))
(/usr/local/texlive/2018/texmf-dist/tex/latex/oberdiek/kvoptions.sty
Package: kvoptions 2016/05/16 v3.12 Key value format for package options (HO)

(/usr/local/texlive/2018/texmf-dist/tex/generic/oberdiek/kvsetkeys.sty
Package: kvsetkeys 2016/05/16 v1.17 Key value parser (HO)

(/usr/local/texlive/2018/texmf-dist/tex/generic/oberdiek/etexcmds.sty
Package: etexcmds 2016/05/16 v1.6 Avoid name clashes with e-TeX commands (HO)

(/usr/local/texlive/2018/texmf-dist/tex/generic/oberdiek/ifluatex.sty
Package: ifluatex 2016/05/16 v1.4 Provides the ifluatex switch (HO)
Package ifluatex Info: LuaTeX not detected.
)
Package etexcmds Info: Could not find \expanded.
(etexcmds)             That can mean that you are not using pdfTeX 1.50 or
(etexcmds)             that some package has redefined \expanded.
(etexcmds)             In the latter case, load this package earlier.
)))
(/usr/local/texlive/2018/texmf-dist/tex/generic/oberdiek/pdftexcmds.sty
Package: pdftexcmds 2018/01/30 v0.27 Utility functions of pdfTeX for LuaTeX (HO
)
Package pdftexcmds Info: LuaTeX not detected.
Package pdftexcmds Info: \pdf@primitive is available.
Package pdftexcmds Info: \pdf@ifprimitive is available.
Package pdftexcmds Info: \pdfdraftmode found.
)
Package epstopdf-base Info: Redefining graphics rule for `.eps' on input line 4
38.
Package grfext Info: Graphics extension search list:
(grfext)             [.pdf,.png,.jpg,.mps,.jpeg,.jbig2,.jb2,.PDF,.PNG,.JPG,.JPE
G,.JBIG2,.JB2,.eps]
(grfext)             \AppendGraphicsExtensions on input line 456.

(/usr/local/texlive/2018/texmf-dist/tex/latex/latexconfig/epstopdf-sys.cfg
File: epstopdf-sys.cfg 2010/07/13 v1.3 Configuration of (r)epstopdf for TeX Liv
e
))
Package caption Info: Begin \AtBeginDocument code.
Package caption Info: End \AtBeginDocument code.

*geometry* driver: auto-detecting
*geometry* detected driver: pdftex
*geometry* verbose mode - [ preamble ] result:
* driver: pdftex
* paper: <default>
* layout: <same size as paper>
* layoutoffset:(h,v)=(0.0pt,0.0pt)
* modes: 
* h-part:(L,W,R)=(72.26999pt, 469.75502pt, 72.26999pt)
* v-part:(T,H,B)=(72.26999pt, 650.43001pt, 72.26999pt)
* \paperwidth=614.295pt
* \paperheight=794.96999pt
* \textwidth=469.75502pt
* \textheight=650.43001pt
* \oddsidemargin=0.0pt
* \evensidemargin=0.0pt
* \topmargin=-37.0pt
* \headheight=12.0pt
* \headsep=25.0pt
* \topskip=12.0pt
* \footskip=30.0pt
* \marginparwidth=44.0pt
* \marginparsep=10.0pt
* \columnsep=10.0pt
* \skip\footins=24.0pt
* \hoffset=0.0pt
* \voffset=0.0pt
* \mag=1000
* \@twocolumnfalse
* \@twosidefalse
* \@mparswitchfalse
* \@reversemarginfalse
* (1in=72.27pt=25.4mm, 1cm=28.453pt)

LaTeX Font Info:    Try loading font information for U+msa on input line 50.
(/usr/local/texlive/2018/texmf-dist/tex/latex/amsfonts/umsa.fd
File: umsa.fd 2013/01/14 v3.01 AMS symbols A
)
LaTeX Font Info:    Try loading font information for U+msb on input line 50.

(/usr/local/texlive/2018/texmf-dist/tex/latex/amsfonts/umsb.fd
File: umsb.fd 2013/01/14 v3.01 AMS symbols B
) [1


{/usr/local/texlive/2018/texmf-var/fonts/map/pdftex/updmap/pdftex.map}] [2] [3]
 [4] [5]
Overfull \hbox (0.13461pt too wide) in paragraph at lines 282--288
\OT1/cmr/m/n/12 (\OML/cmm/m/it/12 C[]\OMS/cmsy/m/n/12 4\OT1/cmr/m/n/12 )[]\OML/
cmm/m/it/12 !$\OT1/cmr/m/n/12 , which is sim-i-lar to the eddy vis-cos-ity in t
he Smagorin-sky model, $\OML/cmm/m/it/12 ^^W[] \OT1/cmr/m/n/12 = (\OML/cmm/m/it
/12 C[]\OMS/cmsy/m/n/12 4\OT1/cmr/m/n/12 )[]\OMS/cmsy/m/n/12 j\OML/cmm/m/it/12 
S\OMS/cmsy/m/n/12 j$\OT1/cmr/m/n/12 . 
 []

[6]
<Figures/Mesh1.png, id=37, 881.2925pt x 863.225pt>
File: Figures/Mesh1.png Graphic file (type png)
<use Figures/Mesh1.png>
Package pdftex.def Info: Figures/Mesh1.png  used on input line 327.
(pdftex.def)             Requested size: 225.4804pt x 220.8505pt.
<Figures/Mesh2.png, id=38, 412.03937pt x 409.53pt>
File: Figures/Mesh2.png Graphic file (type png)
<use Figures/Mesh2.png>
Package pdftex.def Info: Figures/Mesh2.png  used on input line 330.
(pdftex.def)             Requested size: 225.4804pt x 224.10489pt.
<Figures/Experiment_NormalFlow.png, id=39, 313.6518pt x 195.6108pt>
File: Figures/Experiment_NormalFlow.png Graphic file (type png)
<use Figures/Experiment_NormalFlow.png>
Package pdftex.def Info: Figures/Experiment_NormalFlow.png  used on input line 
364.
(pdftex.def)             Requested size: 225.4804pt x 140.62474pt.
<Figures/Experiment_YawedFlow.png, id=41, 269.3262pt x 176.3388pt>
File: Figures/Experiment_YawedFlow.png Graphic file (type png)
<use Figures/Experiment_YawedFlow.png>
Package pdftex.def Info: Figures/Experiment_YawedFlow.png  used on input line 3
67.
(pdftex.def)             Requested size: 225.4804pt x 147.63655pt.
 [7] [8 <./Figures/Mesh1.png> <./Figures/Mesh2.png>]
<Figures/experiment_PressureTap.png, id=51, 224.037pt x 181.6386pt>
File: Figures/experiment_PressureTap.png Graphic file (type png)
<use Figures/experiment_PressureTap.png>
Package pdftex.def Info: Figures/experiment_PressureTap.png  used on input line
 412.
(pdftex.def)             Requested size: 225.4804pt x 182.8105pt.
<Figures/experiment_PressureTapCrossSection.png, id=52, 223.38pt x 125.1585pt>
File: Figures/experiment_PressureTapCrossSection.png Graphic file (type png)
<use Figures/experiment_PressureTapCrossSection.png>
Package pdftex.def Info: Figures/experiment_PressureTapCrossSection.png  used o
n input line 415.
(pdftex.def)             Requested size: 225.4804pt x 126.33649pt.
 [9 <./Figures/Experiment_NormalFlow.png> <./Figures/Experiment_YawedFlow.png>]
 [10 <./Figures/experiment_PressureTap.png> <./Figures/experiment_PressureTapCr
ossSection.png>]
<Figures/Cp_Compared_Mesh_Re20k.png, id=62, 429.10312pt x 338.76563pt>
File: Figures/Cp_Compared_Mesh_Re20k.png Graphic file (type png)
<use Figures/Cp_Compared_Mesh_Re20k.png>
Package pdftex.def Info: Figures/Cp_Compared_Mesh_Re20k.png  used on input line
 503.
(pdftex.def)             Requested size: 234.8775pt x 185.43257pt.

[11]
<Figures/Cp_Compared.png, id=68, 559.33969pt x 437.38406pt>
File: Figures/Cp_Compared.png Graphic file (type png)
<use Figures/Cp_Compared.png>
Package pdftex.def Info: Figures/Cp_Compared.png  used on input line 556.
(pdftex.def)             Requested size: 225.4804pt x 176.31866pt.
<Figures/CpRMS_Compared.png, id=69, 560.0925pt x 437.38406pt>
File: Figures/CpRMS_Compared.png Graphic file (type png)
<use Figures/CpRMS_Compared.png>
Package pdftex.def Info: Figures/CpRMS_Compared.png  used on input line 559.
(pdftex.def)             Requested size: 225.4804pt x 176.07841pt.
<Figures/velocity_Normal_Re20k.png, id=70, 367.3725pt x 293.59688pt>
File: Figures/velocity_Normal_Re20k.png Graphic file (type png)
<use Figures/velocity_Normal_Re20k.png>
Package pdftex.def Info: Figures/velocity_Normal_Re20k.png  used on input line 
575.
(pdftex.def)             Requested size: 234.8775pt x 187.7132pt.
 [12 <./Figures/Cp_Compared_Mesh_Re20k.png (PNG copy)>]
<Figures/force_20k.png, id=77, 752.0597pt x 322.95656pt>
File: Figures/force_20k.png Graphic file (type png)
<use Figures/force_20k.png>
Package pdftex.def Info: Figures/force_20k.png  used on input line 594.
(pdftex.def)             Requested size: 422.77664pt x 181.55913pt.
 [13 <./Figures/Cp_Compared.png> <./Figures/CpRMS_Compared.png>]
<Figures/St_Compared_Cl_Re20k.png, id=85, 369.63094pt x 297.36093pt>
File: Figures/St_Compared_Cl_Re20k.png Graphic file (type png)
<use Figures/St_Compared_Cl_Re20k.png>
Package pdftex.def Info: Figures/St_Compared_Cl_Re20k.png  used on input line 6
16.
(pdftex.def)             Requested size: 225.4804pt x 181.39444pt.
<Figures/St_Compared_Cd_Re20k.png, id=86, 375.65344pt x 314.67563pt>
File: Figures/St_Compared_Cd_Re20k.png Graphic file (type png)
<use Figures/St_Compared_Cd_Re20k.png>
Package pdftex.def Info: Figures/St_Compared_Cd_Re20k.png  used on input line 6
19.
(pdftex.def)             Requested size: 225.4804pt x 188.88365pt.
 [14 <./Figures/velocity_Normal_Re20k.png> <./Figures/force_20k.png>] [15 <./Fi
gures/St_Compared_Cl_Re20k.png> <./Figures/St_Compared_Cd_Re20k.png>]
<Figures/yawedModel.png, id=97, 542.77782pt x 395.22656pt>
File: Figures/yawedModel.png Graphic file (type png)
<use Figures/yawedModel.png>
Package pdftex.def Info: Figures/yawedModel.png  used on input line 662.
(pdftex.def)             Requested size: 281.85587pt x 205.24158pt.
<Figures/Cp_Compared_Yawed_Exp-ISU.png, id=98, 559.33969pt x 437.38406pt>
File: Figures/Cp_Compared_Yawed_Exp-ISU.png Graphic file (type png)
<use Figures/Cp_Compared_Yawed_Exp-ISU.png>
Package pdftex.def Info: Figures/Cp_Compared_Yawed_Exp-ISU.png  used on input l
ine 723.
(pdftex.def)             Requested size: 225.4804pt x 176.31866pt.
<Figures/CpRMS_Compared_Yawed_Exp-ISU.png, id=99, 560.0925pt x 437.38406pt>
File: Figures/CpRMS_Compared_Yawed_Exp-ISU.png Graphic file (type png)
<use Figures/CpRMS_Compared_Yawed_Exp-ISU.png>
Package pdftex.def Info: Figures/CpRMS_Compared_Yawed_Exp-ISU.png  used on inpu
t line 726.
(pdftex.def)             Requested size: 225.4804pt x 176.07841pt.
 [16 <./Figures/yawedModel.png>]
<Figures/velocity_Yawed30_Re20k.png, id=104, 367.3725pt x 293.59688pt>
File: Figures/velocity_Yawed30_Re20k.png Graphic file (type png)
<use Figures/velocity_Yawed30_Re20k.png>
Package pdftex.def Info: Figures/velocity_Yawed30_Re20k.png  used on input line
 744.
(pdftex.def)             Requested size: 234.8775pt x 187.7132pt.
<Figures/St_Compared_Yawed30_Exp-ISU.png, id=105, 369.63094pt x 294.34969pt>
File: Figures/St_Compared_Yawed30_Exp-ISU.png Graphic file (type png)
<use Figures/St_Compared_Yawed30_Exp-ISU.png>
Package pdftex.def Info: Figures/St_Compared_Yawed30_Exp-ISU.png  used on input
 line 767.
(pdftex.def)             Requested size: 281.85587pt x 224.45364pt.
<Figures/Cp_Compared_Yawed_Re20k.png, id=106, 375.65344pt x 291.33844pt>
File: Figures/Cp_Compared_Yawed_Re20k.png Graphic file (type png)
<use Figures/Cp_Compared_Yawed_Re20k.png>
Package pdftex.def Info: Figures/Cp_Compared_Yawed_Re20k.png  used on input lin
e 789.
(pdftex.def)             Requested size: 225.4804pt x 174.87553pt.
<Figures/St_Compared_Yawed_Cl_Re20k.png, id=107, 380.92313pt x 311.66437pt>
File: Figures/St_Compared_Yawed_Cl_Re20k.png Graphic file (type png)
<use Figures/St_Compared_Yawed_Cl_Re20k.png>
Package pdftex.def Info: Figures/St_Compared_Yawed_Cl_Re20k.png  used on input 
line 792.
(pdftex.def)             Requested size: 225.4804pt x 184.47958pt.
 [17]
[18 <./Figures/Cp_Compared_Yawed_Exp-ISU.png> <./Figures/CpRMS_Compared_Yawed_E
xp-ISU.png> <./Figures/velocity_Yawed30_Re20k.png>]
<Figures/Spatial_temporal_Cx_Re20k_Yawed30.png, id=117, 504.2037pt x 397.0032pt
>
File: Figures/Spatial_temporal_Cx_Re20k_Yawed30.png Graphic file (type png)
<use Figures/Spatial_temporal_Cx_Re20k_Yawed30.png>
Package pdftex.def Info: Figures/Spatial_temporal_Cx_Re20k_Yawed30.png  used on
 input line 814.
(pdftex.def)             Requested size: 225.4804pt x 177.54121pt.
<Figures/Spatial_temporal_Cy_Re20k_Yawed30.png, id=118, 511.4307pt x 397.0032pt
>
File: Figures/Spatial_temporal_Cy_Re20k_Yawed30.png Graphic file (type png)
<use Figures/Spatial_temporal_Cy_Re20k_Yawed30.png>
Package pdftex.def Info: Figures/Spatial_temporal_Cy_Re20k_Yawed30.png  used on
 input line 817.
(pdftex.def)             Requested size: 225.4804pt x 175.0333pt.
 [19 <./Figures/St_Compared_Yawed30_Exp-ISU.png>]
<Figures/Cd_coherence_Yawed30_Re20k.png, id=124, 429.10312pt x 338.76563pt>
File: Figures/Cd_coherence_Yawed30_Re20k.png Graphic file (type png)
<use Figures/Cd_coherence_Yawed30_Re20k.png>
Package pdftex.def Info: Figures/Cd_coherence_Yawed30_Re20k.png  used on input 
line 845.
(pdftex.def)             Requested size: 225.4804pt x 178.00967pt.
<Figures/Cl_coherence_Yawed30_Re20k.png, id=125, 429.10312pt x 338.76563pt>
File: Figures/Cl_coherence_Yawed30_Re20k.png Graphic file (type png)
<use Figures/Cl_coherence_Yawed30_Re20k.png>
Package pdftex.def Info: Figures/Cl_coherence_Yawed30_Re20k.png  used on input 
line 848.
(pdftex.def)             Requested size: 225.4804pt x 178.00967pt.
 [20 <./Figures/Cp_Compared_Yawed_Re20k.png> <./Figures/St_Compared_Yawed_Cl_Re
20k.png> <./Figures/Spatial_temporal_Cx_Re20k_Yawed30.png> <./Figures/Spatial_t
emporal_Cy_Re20k_Yawed30.png>]
<Figures/VIV_setup.jpg, id=131, 545.78906pt x 395.22656pt>
File: Figures/VIV_setup.jpg Graphic file (type jpg)
<use Figures/VIV_setup.jpg>
Package pdftex.def Info: Figures/VIV_setup.jpg  used on input line 892.
(pdftex.def)             Requested size: 281.85587pt x 204.10178pt.
 [21 <./Figures/Cd_coherence_Yawed30_Re20k.png (PNG copy)> <./Figures/Cl_cohere
nce_Yawed30_Re20k.png (PNG copy)>]
<fig/viv_amp_noyaw.pdf, id=135, 361.35pt x 340.27126pt>
File: fig/viv_amp_noyaw.pdf Graphic file (type pdf)
<use fig/viv_amp_noyaw.pdf>
Package pdftex.def Info: fig/viv_amp_noyaw.pdf  used on input line 927.
(pdftex.def)             Requested size: 225.4804pt x 212.32632pt.
<fig/viv_amp_yaw45_wInset.pdf, id=136, 344.28625pt x 340.27126pt>
File: fig/viv_amp_yaw45_wInset.pdf Graphic file (type pdf)
<use fig/viv_amp_yaw45_wInset.pdf>
Package pdftex.def Info: fig/viv_amp_yaw45_wInset.pdf  used on input line 930.
(pdftex.def)             Requested size: 211.38832pt x 208.92549pt.
 [22 <./Figures/VIV_setup.jpg>] [23 <./fig/viv_amp_noyaw.pdf> <./fig/viv_amp_ya
w45_wInset.pdf>]
<fig/viv_freq.pdf, id=183, 344.28625pt x 340.27126pt>
File: fig/viv_freq.pdf Graphic file (type pdf)
<use fig/viv_freq.pdf>
Package pdftex.def Info: fig/viv_freq.pdf  used on input line 974.
(pdftex.def)             Requested size: 234.8775pt x 232.13943pt.
 [24 <./fig/viv_freq.pdf>]
<Figures/Q_45_RV4_1.png, id=207, 403.5075pt x 283.0575pt>
File: Figures/Q_45_RV4_1.png Graphic file (type png)
<use Figures/Q_45_RV4_1.png>
Package pdftex.def Info: Figures/Q_45_RV4_1.png  used on input line 997.
(pdftex.def)             Requested size: 225.4804pt x 158.17421pt.
<Figures/Q_45_RV8_1.png, id=208, 528.97626pt x 372.39125pt>
File: Figures/Q_45_RV8_1.png Graphic file (type png)
<use Figures/Q_45_RV8_1.png>
Package pdftex.def Info: Figures/Q_45_RV8_1.png  used on input line 1000.
(pdftex.def)             Requested size: 225.4804pt x 158.73297pt.
<Figures/2S_RV4.png, id=209, 1284.8pt x 421.575pt>
File: Figures/2S_RV4.png Graphic file (type png)
<use Figures/2S_RV4.png>
Package pdftex.def Info: Figures/2S_RV4.png  used on input line 1003.
(pdftex.def)             Requested size: 225.4804pt x 73.98257pt.
<Figures/2P_RV8.png, id=210, 1397.22pt x 562.1pt>
File: Figures/2P_RV8.png Graphic file (type png)
<use Figures/2P_RV8.png>
Package pdftex.def Info: Figures/2P_RV8.png  used on input line 1006.
(pdftex.def)             Requested size: 225.4804pt x 90.70976pt.
 [25 <./Figures/Q_45_RV4_1.png> <./Figures/Q_45_RV8_1.png> <./Figures/2S_RV4.pn
g> <./Figures/2P_RV8.png>]
<Figures/Cd_VIV.png, id=215, 421.575pt x 316.18124pt>
File: Figures/Cd_VIV.png Graphic file (type png)
<use Figures/Cd_VIV.png>
Package pdftex.def Info: Figures/Cd_VIV.png  used on input line 1027.
(pdftex.def)             Requested size: 225.4804pt x 169.11427pt.
<Figures/Cl_VIV.png, id=216, 421.575pt x 316.18124pt>
File: Figures/Cl_VIV.png Graphic file (type png)
<use Figures/Cl_VIV.png>
Package pdftex.def Info: Figures/Cl_VIV.png  used on input line 1030.
(pdftex.def)             Requested size: 225.4804pt x 169.11427pt.

[26 <./Figures/Cd_VIV.png (PNG copy)> <./Figures/Cl_VIV.png (PNG copy)>]
(./VIV_Wu.bbl [27] [28] [29]) [30] (./VIV_Wu.aux) ) 
Here is how much of TeX's memory you used:
 5469 strings out of 492646
 79542 string characters out of 6129564
 163325 words of memory out of 5000000
 9199 multiletter control sequences out of 15000+600000
 19826 words of font info for 73 fonts, out of 8000000 for 9000
 1141 hyphenation exceptions out of 8191
 42i,17n,46p,407b,480s stack positions out of 5000i,500n,10000p,200000b,80000s
</usr/local/texlive/2018/tex
mf-dist/fonts/type1/public/amsfonts/cmextra/cmbsy8.pfb></usr/local/texlive/2018
/texmf-dist/fonts/type1/public/amsfonts/cm/cmbx12.pfb></usr/local/texlive/2018/
texmf-dist/fonts/type1/public/amsfonts/cm/cmex10.pfb></usr/local/texlive/2018/t
exmf-dist/fonts/type1/public/amsfonts/cm/cmmi10.pfb></usr/local/texlive/2018/te
xmf-dist/fonts/type1/public/amsfonts/cm/cmmi12.pfb></usr/local/texlive/2018/tex
mf-dist/fonts/type1/public/amsfonts/cm/cmmi6.pfb></usr/local/texlive/2018/texmf
-dist/fonts/type1/public/amsfonts/cm/cmmi7.pfb></usr/local/texlive/2018/texmf-d
ist/fonts/type1/public/amsfonts/cm/cmmi8.pfb></usr/local/texlive/2018/texmf-dis
t/fonts/type1/public/amsfonts/cm/cmmi9.pfb></usr/local/texlive/2018/texmf-dist/
fonts/type1/public/amsfonts/cm/cmmib10.pfb></usr/local/texlive/2018/texmf-dist/
fonts/type1/public/amsfonts/cmextra/cmmib8.pfb></usr/local/texlive/2018/texmf-d
ist/fonts/type1/public/amsfonts/cm/cmr10.pfb></usr/local/texlive/2018/texmf-dis
t/fonts/type1/public/amsfonts/cm/cmr12.pfb></usr/local/texlive/2018/texmf-dist/
fonts/type1/public/amsfonts/cm/cmr17.pfb></usr/local/texlive/2018/texmf-dist/fo
nts/type1/public/amsfonts/cm/cmr6.pfb></usr/local/texlive/2018/texmf-dist/fonts
/type1/public/amsfonts/cm/cmr7.pfb></usr/local/texlive/2018/texmf-dist/fonts/ty
pe1/public/amsfonts/cm/cmr8.pfb></usr/local/texlive/2018/texmf-dist/fonts/type1
/public/amsfonts/cm/cmr9.pfb></usr/local/texlive/2018/texmf-dist/fonts/type1/pu
blic/amsfonts/cm/cmsy10.pfb></usr/local/texlive/2018/texmf-dist/fonts/type1/pub
lic/amsfonts/cm/cmsy5.pfb></usr/local/texlive/2018/texmf-dist/fonts/type1/publi
c/amsfonts/cm/cmsy6.pfb></usr/local/texlive/2018/texmf-dist/fonts/type1/public/
amsfonts/cm/cmsy7.pfb></usr/local/texlive/2018/texmf-dist/fonts/type1/public/am
sfonts/cm/cmsy8.pfb></usr/local/texlive/2018/texmf-dist/fonts/type1/public/amsf
onts/cm/cmti10.pfb></usr/local/texlive/2018/texmf-dist/fonts/type1/public/amsfo
nts/cm/cmti12.pfb></usr/local/texlive/2018/texmf-dist/fonts/type1/public/amsfon
ts/cm/cmtt10.pfb></usr/local/texlive/2018/texmf-dist/fonts/type1/public/amsfont
s/symbols/msam10.pfb></usr/local/texlive/2018/texmf-dist/fonts/type1/public/ams
fonts/symbols/msbm10.pfb>
Output written on VIV_Wu.pdf (30 pages, 3813924 bytes).
PDF statistics:
 321 PDF objects out of 1000 (max. 8388607)
 193 compressed objects within 2 object streams
 0 named destinations out of 1000 (max. 500000)
 171 words of extra memory for PDF output out of 10000 (max. 10000000)

